🚀 Starting Block & Transaction Metadata Backfill...
Range: 2,041,707 to 2,610,651
Chunk size: 10,000

📦 Processing blocks 2,041,707 to 2,051,706...
📤 Uploading to Supabase...
✅ Completed chunk 2,041,707-2,051,706
----------------------------------------
📦 Processing blocks 2,051,707 to 2,061,706...
📤 Uploading to Supabase...
✅ Completed chunk 2,051,707-2,061,706
----------------------------------------
📦 Processing blocks 2,061,707 to 2,071,706...
📤 Uploading to Supabase...
✅ Completed chunk 2,061,707-2,071,706
----------------------------------------
📦 Processing blocks 2,071,707 to 2,081,706...
📤 Uploading to Supabase...
✅ Completed chunk 2,071,707-2,081,706
----------------------------------------
📦 Processing blocks 2,081,707 to 2,091,706...
📤 Uploading to Supabase...
✅ Completed chunk 2,081,707-2,091,706
----------------------------------------
📦 Processing blocks 2,091,707 to 2,101,706...
📤 Uploading to Supabase...
✅ Completed chunk 2,091,707-2,101,706
----------------------------------------
📦 Processing blocks 2,101,707 to 2,111,706...
📤 Uploading to Supabase...
✅ Completed chunk 2,101,707-2,111,706
----------------------------------------
📦 Processing blocks 2,111,707 to 2,121,706...
📤 Uploading to Supabase...
✅ Completed chunk 2,111,707-2,121,706
----------------------------------------
📦 Processing blocks 2,121,707 to 2,131,706...
📤 Uploading to Supabase...
✅ Completed chunk 2,121,707-2,131,706
----------------------------------------
📦 Processing blocks 2,131,707 to 2,141,706...
📤 Uploading to Supabase...
✅ Completed chunk 2,131,707-2,141,706
----------------------------------------
📦 Processing blocks 2,141,707 to 2,151,706...
📤 Uploading to Supabase...
✅ Completed chunk 2,141,707-2,151,706
----------------------------------------
📦 Processing blocks 2,151,707 to 2,161,706...
📤 Uploading to Supabase...
✅ Completed chunk 2,151,707-2,161,706
----------------------------------------
📦 Processing blocks 2,161,707 to 2,171,706...
📤 Uploading to Supabase...
✅ Completed chunk 2,161,707-2,171,706
----------------------------------------
📦 Processing blocks 2,171,707 to 2,181,706...
📤 Uploading to Supabase...
✅ Completed chunk 2,171,707-2,181,706
----------------------------------------
📦 Processing blocks 2,181,707 to 2,191,706...
📤 Uploading to Supabase...
✅ Completed chunk 2,181,707-2,191,706
----------------------------------------
📦 Processing blocks 2,191,707 to 2,201,706...
📤 Uploading to Supabase...
✅ Completed chunk 2,191,707-2,201,706
----------------------------------------
📦 Processing blocks 2,201,707 to 2,211,706...
